2025-11-13 13:55:53 | INFO | dash.dash | Dash is running on http://127.0.0.1:8050/

2025-11-13 18:35:24 | INFO | dash.dash | Dash is running on http://127.0.0.1:8050/

2025-11-15 19:29:20 | INFO | dash.dash | Dash is running on http://127.0.0.1:8050/

2025-11-15 19:39:07 | INFO | edas.pipeline | Pipeline start | mode=last_10_days | include_flows=True | requested_countries=['FR', 'DE']
2025-11-15 19:39:07 | INFO | edas.pipeline | DB engine created successfully
2025-11-15 19:39:07 | INFO | edas.pipeline | Loaded 9 countries from DB: ['FR', 'DE', 'BE', 'CH', 'ES', 'NL', 'AT', 'CZ', 'PL']
2025-11-15 19:39:07 | INFO | edas.pipeline | Range resolved | mode=last_10_days :: 2025-11-05 18:00:00+01:00 → 2025-11-15 18:00:00+01:00
2025-11-15 19:39:07 | INFO | edas.pipeline | Fetching consumption | country=FR | zone=10YFR-RTE------C
2025-11-15 19:39:07 | INFO | edas.ingestion.entsoe_client | Load consumption FR (10YFR-RTE------C) 2025-11-05 18:00:00+01:00 → 2025-11-15 18:00:00+01:00
2025-11-15 19:39:14 | INFO | edas.ingestion.upsert | Upserted 960 consumption records.
2025-11-15 19:39:14 | INFO | edas.pipeline | Upsert consumption | country=FR | rows=960
2025-11-15 19:39:14 | INFO | edas.pipeline | Fetching production | country=FR | zone=10YFR-RTE------C
2025-11-15 19:39:14 | INFO | edas.ingestion.entsoe_client | Load generation FR (10YFR-RTE------C) 2025-11-05 18:00:00+01:00 → 2025-11-15 18:00:00+01:00
2025-11-15 19:39:19 | INFO | edas.ingestion.upsert | Upserted 15273 production records.
2025-11-15 19:39:19 | INFO | edas.pipeline | Upsert production | country=FR | rows=15273
2025-11-15 19:39:19 | INFO | edas.pipeline | Fetching consumption | country=DE | zone=10Y1001A1001A83F
2025-11-15 19:39:19 | INFO | edas.ingestion.entsoe_client | Load consumption DE (10Y1001A1001A83F) 2025-11-05 18:00:00+01:00 → 2025-11-15 18:00:00+01:00
2025-11-15 19:39:20 | INFO | edas.ingestion.upsert | Upserted 960 consumption records.
2025-11-15 19:39:20 | INFO | edas.pipeline | Upsert consumption | country=DE | rows=960
2025-11-15 19:39:20 | INFO | edas.pipeline | Fetching production | country=DE | zone=10Y1001A1001A83F
2025-11-15 19:39:20 | INFO | edas.ingestion.entsoe_client | Load generation DE (10Y1001A1001A83F) 2025-11-05 18:00:00+01:00 → 2025-11-15 18:00:00+01:00
2025-11-15 19:39:26 | INFO | edas.ingestion.upsert | Upserted 16320 production records.
2025-11-15 19:39:26 | INFO | edas.pipeline | Upsert production | country=DE | rows=16320
2025-11-15 19:39:26 | INFO | edas.pipeline | Fetching flow | FR -> BE | zones: 10YFR-RTE------C -> 10YBE----------2
2025-11-15 19:39:26 | INFO | edas.ingestion.entsoe_client | Load flow FR(10YFR-RTE------C) -> BE(10YBE----------2) 2025-11-05 18:00:00+01:00 → 2025-11-15 18:00:00+01:00
2025-11-15 19:39:27 | INFO | edas.ingestion.upsert | Upserted 960 cross-border flow records.
2025-11-15 19:39:27 | INFO | edas.pipeline | Upsert flow | FR -> BE | rows=960
2025-11-15 19:39:27 | INFO | edas.pipeline | Fetching flow | FR -> DE | zones: 10YFR-RTE------C -> 10Y1001A1001A83F
2025-11-15 19:39:27 | INFO | edas.ingestion.entsoe_client | Load flow FR(10YFR-RTE------C) -> DE(10Y1001A1001A83F) 2025-11-05 18:00:00+01:00 → 2025-11-15 18:00:00+01:00
2025-11-15 19:39:28 | INFO | edas.ingestion.upsert | Upserted 960 cross-border flow records.
2025-11-15 19:39:28 | INFO | edas.pipeline | Upsert flow | FR -> DE | rows=960
2025-11-15 19:39:28 | INFO | edas.pipeline | Fetching flow | FR -> ES | zones: 10YFR-RTE------C -> 10YES-REE------0
2025-11-15 19:39:28 | INFO | edas.ingestion.entsoe_client | Load flow FR(10YFR-RTE------C) -> ES(10YES-REE------0) 2025-11-05 18:00:00+01:00 → 2025-11-15 18:00:00+01:00
2025-11-15 19:39:30 | INFO | edas.ingestion.upsert | Upserted 960 cross-border flow records.
2025-11-15 19:39:30 | INFO | edas.pipeline | Upsert flow | FR -> ES | rows=960
2025-11-15 19:39:30 | INFO | edas.pipeline | Fetching flow | FR -> CH | zones: 10YFR-RTE------C -> 10YCH-SWISSGRIDZ
2025-11-15 19:39:30 | INFO | edas.ingestion.entsoe_client | Load flow FR(10YFR-RTE------C) -> CH(10YCH-SWISSGRIDZ) 2025-11-05 18:00:00+01:00 → 2025-11-15 18:00:00+01:00
2025-11-15 19:39:31 | INFO | edas.ingestion.upsert | Upserted 240 cross-border flow records.
2025-11-15 19:39:31 | INFO | edas.pipeline | Upsert flow | FR -> CH | rows=240
2025-11-15 19:39:31 | INFO | edas.pipeline | Fetching flow | DE -> NL | zones: 10Y1001A1001A83F -> 10YNL----------L
2025-11-15 19:39:31 | INFO | edas.ingestion.entsoe_client | Load flow DE(10Y1001A1001A83F) -> NL(10YNL----------L) 2025-11-05 18:00:00+01:00 → 2025-11-15 18:00:00+01:00
2025-11-15 19:39:32 | INFO | edas.ingestion.upsert | Upserted 960 cross-border flow records.
2025-11-15 19:39:32 | INFO | edas.pipeline | Upsert flow | DE -> NL | rows=960
2025-11-15 19:39:32 | INFO | edas.pipeline | Fetching flow | DE -> BE | zones: 10Y1001A1001A83F -> 10YBE----------2
2025-11-15 19:39:32 | INFO | edas.ingestion.entsoe_client | Load flow DE(10Y1001A1001A83F) -> BE(10YBE----------2) 2025-11-05 18:00:00+01:00 → 2025-11-15 18:00:00+01:00
2025-11-15 19:39:32 | INFO | edas.ingestion.upsert | Upserted 960 cross-border flow records.
2025-11-15 19:39:32 | INFO | edas.pipeline | Upsert flow | DE -> BE | rows=960
2025-11-15 19:39:32 | INFO | edas.pipeline | Fetching flow | DE -> FR | zones: 10Y1001A1001A83F -> 10YFR-RTE------C
2025-11-15 19:39:32 | INFO | edas.ingestion.entsoe_client | Load flow DE(10Y1001A1001A83F) -> FR(10YFR-RTE------C) 2025-11-05 18:00:00+01:00 → 2025-11-15 18:00:00+01:00
2025-11-15 19:39:32 | INFO | edas.ingestion.upsert | Upserted 960 cross-border flow records.
2025-11-15 19:39:32 | INFO | edas.pipeline | Upsert flow | DE -> FR | rows=960
2025-11-15 19:39:32 | INFO | edas.pipeline | Fetching flow | DE -> CH | zones: 10Y1001A1001A83F -> 10YCH-SWISSGRIDZ
2025-11-15 19:39:32 | INFO | edas.ingestion.entsoe_client | Load flow DE(10Y1001A1001A83F) -> CH(10YCH-SWISSGRIDZ) 2025-11-05 18:00:00+01:00 → 2025-11-15 18:00:00+01:00
2025-11-15 19:39:33 | INFO | edas.ingestion.upsert | Upserted 960 cross-border flow records.
2025-11-15 19:39:33 | INFO | edas.pipeline | Upsert flow | DE -> CH | rows=960
2025-11-15 19:39:33 | INFO | edas.pipeline | Fetching flow | DE -> AT | zones: 10Y1001A1001A83F -> 10YAT-APG------L
2025-11-15 19:39:33 | INFO | edas.ingestion.entsoe_client | Load flow DE(10Y1001A1001A83F) -> AT(10YAT-APG------L) 2025-11-05 18:00:00+01:00 → 2025-11-15 18:00:00+01:00
2025-11-15 19:39:39 | INFO | edas.ingestion.upsert | Upserted 960 cross-border flow records.
2025-11-15 19:39:39 | INFO | edas.pipeline | Upsert flow | DE -> AT | rows=960
2025-11-15 19:39:39 | INFO | edas.pipeline | Fetching flow | DE -> CZ | zones: 10Y1001A1001A83F -> 10YCZ-CEPS-----N
2025-11-15 19:39:39 | INFO | edas.ingestion.entsoe_client | Load flow DE(10Y1001A1001A83F) -> CZ(10YCZ-CEPS-----N) 2025-11-05 18:00:00+01:00 → 2025-11-15 18:00:00+01:00
2025-11-15 19:39:41 | INFO | edas.ingestion.upsert | Upserted 959 cross-border flow records.
2025-11-15 19:39:41 | INFO | edas.pipeline | Upsert flow | DE -> CZ | rows=959
2025-11-15 19:39:41 | INFO | edas.pipeline | Fetching flow | DE -> PL | zones: 10Y1001A1001A83F -> 10YPL-AREA-----S
2025-11-15 19:39:41 | INFO | edas.ingestion.entsoe_client | Load flow DE(10Y1001A1001A83F) -> PL(10YPL-AREA-----S) 2025-11-05 18:00:00+01:00 → 2025-11-15 18:00:00+01:00
2025-11-15 19:39:42 | INFO | edas.ingestion.upsert | Upserted 960 cross-border flow records.
2025-11-15 19:39:42 | INFO | edas.pipeline | Upsert flow | DE -> PL | rows=960
2025-11-15 19:39:42 | INFO | edas.pipeline | Pipeline finished successfully in 34.90s
2025-11-15 19:57:37 | INFO | edas.pipeline | Pipeline start | mode=last_10_days | include_flows=False | requested_countries=['FR']
2025-11-15 19:57:37 | INFO | edas.pipeline | DB engine created successfully
2025-11-15 19:57:37 | INFO | edas.pipeline | Range resolved | mode=last_10_days :: 2025-11-05 18:00:00+01:00 → 2025-11-15 18:00:00+01:00
2025-11-15 19:57:37 | INFO | edas.pipeline | Fetching consumption | country=FR | zone=10YFR-RTE------C
2025-11-15 19:57:37 | INFO | edas.pipeline | Upsert consumption | country=FR | rows=4
2025-11-15 19:57:37 | INFO | edas.pipeline | Fetching production | country=FR | zone=10YFR-RTE------C
2025-11-15 19:57:37 | INFO | edas.pipeline | Upsert production | country=FR | rows=5
2025-11-15 19:57:37 | INFO | edas.pipeline | Pipeline finished successfully in 0.01s
2025-12-06 16:33:20 | INFO | edas.pipeline | Pipeline start | mode=full_2025 | include_flows=True | requested_countries=['FR', 'DE']
2025-12-06 16:33:20 | INFO | edas.pipeline | DB engine created successfully
2025-12-06 16:33:20 | INFO | edas.pipeline | Loaded 9 countries from DB: ['FR', 'DE', 'BE', 'CH', 'ES', 'NL', 'AT', 'CZ', 'PL']
2025-12-06 16:33:20 | INFO | edas.pipeline | Range resolved | mode=full_2025 :: 2025-01-01 00:00:00+01:00 → 2025-12-31 23:00:00+01:00
2025-12-06 16:33:20 | INFO | edas.pipeline | Fetching consumption | country=FR | zone=10YFR-RTE------C
2025-12-06 16:33:20 | INFO | edas.ingestion.entsoe_client | Load consumption FR (10YFR-RTE------C) 2025-01-01 00:00:00+01:00 → 2025-12-31 23:00:00+01:00
2025-12-06 16:33:38 | INFO | edas.ingestion.upsert | Upserted 32604 consumption records.
2025-12-06 16:33:38 | INFO | edas.pipeline | Upsert consumption | country=FR | rows=32604
2025-12-06 16:33:38 | INFO | edas.pipeline | Fetching production | country=FR | zone=10YFR-RTE------C
2025-12-06 16:33:38 | INFO | edas.ingestion.entsoe_client | Load generation FR (10YFR-RTE------C) 2025-01-01 00:00:00+01:00 → 2025-12-31 23:00:00+01:00
2025-12-06 16:35:11 | ERROR | edas.pipeline | Pipeline failed after 111.45s: 400 Client Error:  for url: https://web-api.tp.entsoe.eu/api?documentType=A75&processType=A16&in_Domain=10YFR-RTE------C&securityToken=ad80a684-56b8-4229-9138-4099fbef344d&periodStart=202412312300&periodEnd=202512312200
Traceback (most recent call last):
  File "C:\Users\romin\OneDrive\Documents\Energy Analytics\artifact\src\edas\pipeline.py", line 135, in run_pipeline
    prod = fetch_production(cc, zone, start, end)
  File "C:\Users\romin\OneDrive\Documents\Energy Analytics\artifact\src\edas\ingestion\entsoe_client.py", line 117, in fetch_production
    df = client.query_generation(zone_key, start=start, end=end, psr_type=None)
  File "C:\Users\romin\OneDrive\Documents\Energy Analytics\artifact\.venv\lib\site-packages\entsoe\decorators.py", line 129, in year_wrapper
    frame = func(*args, start=_start, end=_end, **kwargs)
  File "C:\Users\romin\OneDrive\Documents\Energy Analytics\artifact\.venv\lib\site-packages\entsoe\entsoe.py", line 1587, in query_generation
    text = super(EntsoePandasClient, self).query_generation(
  File "C:\Users\romin\OneDrive\Documents\Energy Analytics\artifact\.venv\lib\site-packages\entsoe\entsoe.py", line 414, in query_generation
    response = self._base_request(params=params, start=start, end=end)
  File "C:\Users\romin\OneDrive\Documents\Energy Analytics\artifact\.venv\lib\site-packages\entsoe\decorators.py", line 24, in retry_wrapper
    result = func(*args, **kwargs)
  File "C:\Users\romin\OneDrive\Documents\Energy Analytics\artifact\.venv\lib\site-packages\entsoe\entsoe.py", line 135, in _base_request
    raise e
  File "C:\Users\romin\OneDrive\Documents\Energy Analytics\artifact\.venv\lib\site-packages\entsoe\entsoe.py", line 109, in _base_request
    response.raise_for_status()
  File "C:\Users\romin\OneDrive\Documents\Energy Analytics\artifact\.venv\lib\site-packages\requests\models.py", line 1026, in raise_for_status
    raise HTTPError(http_error_msg, response=self)
requests.exceptions.HTTPError: 400 Client Error:  for url: https://web-api.tp.entsoe.eu/api?documentType=A75&processType=A16&in_Domain=10YFR-RTE------C&securityToken=ad80a684-56b8-4229-9138-4099fbef344d&periodStart=202412312300&periodEnd=202512312200
2025-12-06 16:35:38 | INFO | edas.pipeline | Pipeline start | mode=last_10_days | include_flows=False | requested_countries=['FR']
2025-12-06 16:35:38 | INFO | edas.pipeline | DB engine created successfully
2025-12-06 16:35:38 | INFO | edas.pipeline | Range resolved | mode=last_10_days :: 2025-11-26 15:00:00+01:00 → 2025-12-06 15:00:00+01:00
2025-12-06 16:35:38 | INFO | edas.pipeline | Fetching consumption | country=FR | zone=10YFR-RTE------C
2025-12-06 16:35:38 | INFO | edas.pipeline | Upsert consumption | country=FR | rows=4
2025-12-06 16:35:38 | INFO | edas.pipeline | Fetching production | country=FR | zone=10YFR-RTE------C
2025-12-06 16:35:38 | INFO | edas.pipeline | Upsert production | country=FR | rows=5
2025-12-06 16:35:38 | INFO | edas.pipeline | Pipeline finished successfully in 0.01s
2025-12-06 16:36:01 | INFO | dash.dash | Dash is running on http://127.0.0.1:8050/

2025-12-08 14:04:14 | INFO | dash.dash | Dash is running on http://127.0.0.1:8050/

